<?xml version="1.0" encoding="UTF-8"?>
<!-- Generated by org.testng.reporters.JUnitXMLReporter -->
<testsuite hostname="ROHAN" failures="0" tests="2" name="Validating user Login " time="1.335" errors="0" timestamp="10 Feb 2021 10:28:24 GMT">
  <testcase classname="Framework.HomePageTest" name="@BeforeTest initialize" time="0.0">
    <failure type="org.openqa.selenium.WebDriverException" message="unknown error: Failed to create Chrome process.
Build info: version: &amp;apos;3.141.59&amp;apos;, revision: &amp;apos;e82be7d358&amp;apos;, time: &amp;apos;2018-11-14T08:17:03&amp;apos;
System info: host: &amp;apos;ROHAN&amp;apos;, ip: &amp;apos;192.168.0.105&amp;apos;, os.name: &amp;apos;Windows 10&amp;apos;, os.arch: &amp;apos;amd64&amp;apos;, os.version: &amp;apos;10.0&amp;apos;, java.version: &amp;apos;11.0.8&amp;apos;
Driver info: driver.version: ChromeDriver
remote stacktrace: Backtrace:
	Ordinal0 [0x011887E3+2852835]
	Ordinal0 [0x01075BB1+1727409]
	Ordinal0 [0x00F4E4B9+517305]
	Ordinal0 [0x00EDD576+54646]
	Ordinal0 [0x00EFD9F7+186871]
	Ordinal0 [0x00EFD7FD+186365]
	Ordinal0 [0x00EFB70B+177931]
	Ordinal0 [0x00EE2584+75140]
	Ordinal0 [0x00EE3650+79440]
	Ordinal0 [0x00EE35E9+79337]
	Ordinal0 [0x0108AD5C+1813852]
	GetHandleVerifier [0x012AC616+1075574]
	GetHandleVerifier [0x012AC367+1074887]
	GetHandleVerifier [0x012B7497+1120247]
	GetHandleVerifier [0x012ACC16+1077110]
	Ordinal0 [0x01083206+1782278]
	Ordinal0 [0x0108C3BB+1819579]
	Ordinal0 [0x0108C523+1819939]
	Ordinal0 [0x010A2B45+1911621]
	BaseThreadInitThunk [0x74FAFA29+25]
	RtlGetAppContainerNamedObjectPath [0x76FC75F4+228]
	RtlGetAppContainerNamedObjectPath [0x76FC75C4+180]
">
      <![CDATA[org.openqa.selenium.WebDriverException: unknown error: Failed to create Chrome process.
Build info: version: '3.141.59', revision: 'e82be7d358', time: '2018-11-14T08:17:03'
System info: host: 'ROHAN', ip: '192.168.0.105', os.name: 'Windows 10', os.arch: 'amd64', os.version: '10.0', java.version: '11.0.8'
Driver info: driver.version: ChromeDriver
remote stacktrace: Backtrace:
	Ordinal0 [0x011887E3+2852835]
	Ordinal0 [0x01075BB1+1727409]
	Ordinal0 [0x00F4E4B9+517305]
	Ordinal0 [0x00EDD576+54646]
	Ordinal0 [0x00EFD9F7+186871]
	Ordinal0 [0x00EFD7FD+186365]
	Ordinal0 [0x00EFB70B+177931]
	Ordinal0 [0x00EE2584+75140]
	Ordinal0 [0x00EE3650+79440]
	Ordinal0 [0x00EE35E9+79337]
	Ordinal0 [0x0108AD5C+1813852]
	GetHandleVerifier [0x012AC616+1075574]
	GetHandleVerifier [0x012AC367+1074887]
	GetHandleVerifier [0x012B7497+1120247]
	GetHandleVerifier [0x012ACC16+1077110]
	Ordinal0 [0x01083206+1782278]
	Ordinal0 [0x0108C3BB+1819579]
	Ordinal0 [0x0108C523+1819939]
	Ordinal0 [0x010A2B45+1911621]
	BaseThreadInitThunk [0x74FAFA29+25]
	RtlGetAppContainerNamedObjectPath [0x76FC75F4+228]
	RtlGetAppContainerNamedObjectPath [0x76FC75C4+180]

	at org.openqa.selenium.remote.W3CHandshakeResponse.lambda$errorHandler$0(W3CHandshakeResponse.java:62)
	at org.openqa.selenium.remote.HandshakeResponse.lambda$getResponseFunction$0(HandshakeResponse.java:30)
	at org.openqa.selenium.remote.ProtocolHandshake.lambda$createSession$0(ProtocolHandshake.java:126)
	at java.base/java.util.stream.ReferencePipeline$3$1.accept(ReferencePipeline.java:195)
	at java.base/java.util.Spliterators$ArraySpliterator.tryAdvance(Spliterators.java:958)
	at java.base/java.util.stream.ReferencePipeline.forEachWithCancel(ReferencePipeline.java:127)
	at java.base/java.util.stream.AbstractPipeline.copyIntoWithCancel(AbstractPipeline.java:502)
	at java.base/java.util.stream.AbstractPipeline.copyInto(AbstractPipeline.java:488)
	at java.base/java.util.stream.AbstractPipeline.wrapAndCopyInto(AbstractPipeline.java:474)
	at java.base/java.util.stream.FindOps$FindOp.evaluateSequential(FindOps.java:150)
	at java.base/java.util.stream.AbstractPipeline.evaluate(AbstractPipeline.java:234)
	at java.base/java.util.stream.ReferencePipeline.findFirst(ReferencePipeline.java:543)
	at org.openqa.selenium.remote.ProtocolHandshake.createSession(ProtocolHandshake.java:128)
	at org.openqa.selenium.remote.ProtocolHandshake.createSession(ProtocolHandshake.java:74)
	at org.openqa.selenium.remote.HttpCommandExecutor.execute(HttpCommandExecutor.java:136)
	at org.openqa.selenium.remote.service.DriverCommandExecutor.execute(DriverCommandExecutor.java:83)
	at org.openqa.selenium.remote.RemoteWebDriver.execute(RemoteWebDriver.java:552)
	at org.openqa.selenium.remote.RemoteWebDriver.startSession(RemoteWebDriver.java:213)
	at org.openqa.selenium.remote.RemoteWebDriver.<init>(RemoteWebDriver.java:131)
	at org.openqa.selenium.chrome.ChromeDriver.<init>(ChromeDriver.java:181)
	at org.openqa.selenium.chrome.ChromeDriver.<init>(ChromeDriver.java:168)
	at org.openqa.selenium.chrome.ChromeDriver.<init>(ChromeDriver.java:123)
	at resourses.base.initializeDriver(base.java:32)
	at Framework.HomePageTest.initialize(HomePageTest.java:26)
	at java.base/java.util.concurrent.FutureTask.run(FutureTask.java:264)
	at java.base/java.util.concurrent.ThreadPoolExecutor.runWorker(ThreadPoolExecutor.java:1128)
	at java.base/java.util.concurrent.ThreadPoolExecutor$Worker.run(ThreadPoolExecutor.java:628)
	at java.base/java.lang.Thread.run(Thread.java:834)
... Removed 18 stack frames]]>
    </failure>
  </testcase> <!-- @BeforeTest initialize -->
  <testcase classname="Framework.HomePageTest" name="@AfterTest tearDown" time="0.0">
    <skipped/>
  </testcase> <!-- @AfterTest tearDown -->
  <testcase classname="Framework.HomePageTest" name="basePageNavigation" time="0.002">
    <skipped/>
  </testcase> <!-- basePageNavigation -->
  <testcase classname="Framework.HomePageTest" name="basePageNavigation" time="0.003">
    <skipped/>
  </testcase> <!-- basePageNavigation -->
</testsuite> <!-- Validating user Login  -->
