<?xml version="1.0" encoding="UTF-8"?>
<testng-results total="4" passed="3" failed="1" skipped="0">
  <reporter-output>
  </reporter-output>
  <suite started-at="2020-07-29T09:20:29Z" name="Suite" finished-at="2020-07-29T09:20:49Z" duration-ms="20532">
    <groups>
    </groups>
    <test started-at="2020-07-29T09:20:29Z" name="App Testing" finished-at="2020-07-29T09:20:29Z" duration-ms="7">
    </test> <!-- App Testing -->
    <test started-at="2020-07-29T09:20:29Z" name="Validating Title in the page" finished-at="2020-07-29T09:20:47Z" duration-ms="17665">
      <class name="Framework.VerifyTitleTest">
        <test-method is-config="true" signature="initialize()[pri:0, instance:Framework.VerifyTitleTest@667e34b1]" started-at="2020-07-29T14:50:29Z" name="initialize" finished-at="2020-07-29T14:50:46Z" duration-ms="16731" status="PASS">
          <reporter-output>
          </reporter-output>
        </test-method> <!-- initialize -->
        <test-method signature="VerifyFestureCourseText()[pri:0, instance:Framework.VerifyTitleTest@667e34b1]" started-at="2020-07-29T14:50:46Z" name="VerifyFestureCourseText" finished-at="2020-07-29T14:50:46Z" duration-ms="66" status="FAIL">
          <exception class="java.lang.AssertionError">
            <message>
              <![CDATA[expected [FEATURED COURSES123] but found [FEATURED COURSES]]]>
            </message>
            <full-stacktrace>
              <![CDATA[java.lang.AssertionError: expected [FEATURED COURSES123] but found [FEATURED COURSES]
	at org.testng.Assert.fail(Assert.java:94)
	at org.testng.Assert.failNotEquals(Assert.java:496)
	at org.testng.Assert.assertEquals(Assert.java:125)
	at org.testng.Assert.assertEquals(Assert.java:178)
	at org.testng.Assert.assertEquals(Assert.java:188)
	at Framework.VerifyTitleTest.VerifyFestureCourseText(VerifyTitleTest.java:37)
	at java.base/jdk.internal.reflect.NativeMethodAccessorImpl.invoke0(Native Method)
	at java.base/jdk.internal.reflect.NativeMethodAccessorImpl.invoke(NativeMethodAccessorImpl.java:62)
	at java.base/jdk.internal.reflect.DelegatingMethodAccessorImpl.invoke(DelegatingMethodAccessorImpl.java:43)
	at java.base/java.lang.reflect.Method.invoke(Method.java:566)
	at org.testng.internal.MethodInvocationHelper.invokeMethod(MethodInvocationHelper.java:85)
	at org.testng.internal.Invoker.invokeMethod(Invoker.java:639)
	at org.testng.internal.Invoker.invokeTestMethod(Invoker.java:816)
	at org.testng.internal.Invoker.invokeTestMethods(Invoker.java:1124)
	at org.testng.internal.TestMethodWorker.invokeTestMethods(TestMethodWorker.java:125)
	at org.testng.internal.TestMethodWorker.run(TestMethodWorker.java:108)
	at org.testng.TestRunner.privateRun(TestRunner.java:774)
	at org.testng.TestRunner.run(TestRunner.java:624)
	at org.testng.SuiteRunner.runTest(SuiteRunner.java:359)
	at org.testng.SuiteRunner.access$000(SuiteRunner.java:39)
	at org.testng.SuiteRunner$SuiteWorker.run(SuiteRunner.java:393)
	at org.testng.internal.thread.ThreadUtil$2.call(ThreadUtil.java:64)
	at java.base/java.util.concurrent.FutureTask.run(FutureTask.java:264)
	at java.base/java.util.concurrent.ThreadPoolExecutor.runWorker(ThreadPoolExecutor.java:1128)
	at java.base/java.util.concurrent.ThreadPoolExecutor$Worker.run(ThreadPoolExecutor.java:628)
	at java.base/java.lang.Thread.run(Thread.java:834)
]]>
            </full-stacktrace>
          </exception> <!-- java.lang.AssertionError -->
          <reporter-output>
          </reporter-output>
        </test-method> <!-- VerifyFestureCourseText -->
        <test-method is-config="true" signature="tearDown()[pri:0, instance:Framework.VerifyTitleTest@667e34b1]" started-at="2020-07-29T14:50:46Z" name="tearDown" finished-at="2020-07-29T14:50:47Z" duration-ms="224" status="PASS">
          <reporter-output>
          </reporter-output>
        </test-method> <!-- tearDown -->
      </class> <!-- Framework.VerifyTitleTest -->
    </test> <!-- Validating Title in the page -->
    <test started-at="2020-07-29T09:20:29Z" name="Validating Navigation Bar" finished-at="2020-07-29T09:20:47Z" duration-ms="17991">
      <class name="Framework.VerifyNavigationBarTest">
        <test-method is-config="true" signature="initialize()[pri:0, instance:Framework.VerifyNavigationBarTest@213deac2]" started-at="2020-07-29T14:50:29Z" name="initialize" finished-at="2020-07-29T14:50:42Z" duration-ms="13057" status="PASS">
          <reporter-output>
          </reporter-output>
        </test-method> <!-- initialize -->
        <test-method signature="baseNavigationBar()[pri:0, instance:Framework.VerifyNavigationBarTest@213deac2]" started-at="2020-07-29T14:50:42Z" name="baseNavigationBar" finished-at="2020-07-29T14:50:42Z" duration-ms="336" status="PASS">
          <reporter-output>
          </reporter-output>
        </test-method> <!-- baseNavigationBar -->
        <test-method is-config="true" signature="tearDown()[pri:0, instance:Framework.VerifyNavigationBarTest@213deac2]" started-at="2020-07-29T14:50:42Z" name="tearDown" finished-at="2020-07-29T14:50:47Z" duration-ms="4583" status="PASS">
          <reporter-output>
          </reporter-output>
        </test-method> <!-- tearDown -->
      </class> <!-- Framework.VerifyNavigationBarTest -->
    </test> <!-- Validating Navigation Bar -->
    <test started-at="2020-07-29T09:20:29Z" name="Validating user Login " finished-at="2020-07-29T09:20:49Z" duration-ms="20531">
      <class name="Framework.HomePageTest">
        <test-method is-config="true" signature="initialize()[pri:0, instance:Framework.HomePageTest@9f6e406]" started-at="2020-07-29T14:50:29Z" name="initialize" finished-at="2020-07-29T14:50:35Z" duration-ms="6379" status="PASS">
          <reporter-output>
          </reporter-output>
        </test-method> <!-- initialize -->
        <test-method signature="basePageNavigation(java.lang.String, java.lang.String, java.lang.String)[pri:0, instance:Framework.HomePageTest@9f6e406]" started-at="2020-07-29T14:50:35Z" name="basePageNavigation" data-provider="getData" finished-at="2020-07-29T14:50:46Z" duration-ms="10989" status="PASS">
          <params>
            <param index="0">
              <value>
                <![CDATA[nonrestricteduser@gmail.com]]>
              </value>
            </param>
            <param index="1">
              <value>
                <![CDATA[122345]]>
              </value>
            </param>
            <param index="2">
              <value>
                <![CDATA[non restricted user]]>
              </value>
            </param>
          </params>
          <reporter-output>
          </reporter-output>
        </test-method> <!-- basePageNavigation -->
        <test-method signature="basePageNavigation(java.lang.String, java.lang.String, java.lang.String)[pri:0, instance:Framework.HomePageTest@9f6e406]" started-at="2020-07-29T14:50:46Z" name="basePageNavigation" data-provider="getData" finished-at="2020-07-29T14:50:49Z" duration-ms="3067" status="PASS">
          <params>
            <param index="0">
              <value>
                <![CDATA[restricteduser@gmail.com]]>
              </value>
            </param>
            <param index="1">
              <value>
                <![CDATA[6547373]]>
              </value>
            </param>
            <param index="2">
              <value>
                <![CDATA[restricted user]]>
              </value>
            </param>
          </params>
          <reporter-output>
          </reporter-output>
        </test-method> <!-- basePageNavigation -->
        <test-method is-config="true" signature="tearDown()[pri:0, instance:Framework.HomePageTest@9f6e406]" started-at="2020-07-29T14:50:49Z" name="tearDown" finished-at="2020-07-29T14:50:49Z" duration-ms="76" status="PASS">
          <reporter-output>
          </reporter-output>
        </test-method> <!-- tearDown -->
      </class> <!-- Framework.HomePageTest -->
    </test> <!-- Validating user Login  -->
  </suite> <!-- Suite -->
</testng-results>
