<!DOCTYPE html PUBLIC "-//W3C//DTD XHTML 1.1//EN" "http://www.w3.org/TR/xhtml11/DTD/xhtml11.dtd">
<html xmlns="http://www.w3.org/1999/xhtml"><head><title>TestNG Report</title><style type="text/css">table {margin-bottom:10px;border-collapse:collapse;empty-cells:show}th,td {border:1px solid #009;padding:.25em .5em}th {vertical-align:bottom}td {vertical-align:top}table a {font-weight:bold}.stripe td {background-color: #E6EBF9}.num {text-align:right}.passedodd td {background-color: #3F3}.passedeven td {background-color: #0A0}.skippedodd td {background-color: #DDD}.skippedeven td {background-color: #CCC}.failedodd td,.attn {background-color: #F33}.failedeven td,.stripe .attn {background-color: #D00}.stacktrace {white-space:pre;font-family:monospace}.totop {font-size:85%;text-align:center;border-bottom:2px solid #000}</style></head><body><table><tr><th>Test</th><th># Passed</th><th># Skipped</th><th># Failed</th><th>Time (ms)</th><th>Included Groups</th><th>Excluded Groups</th></tr><tr><th colspan="7">Suite</th></tr><tr><td><a href="#t0">App Testing</a></td><td class="num">0</td><td class="num">0</td><td class="num">0</td><td class="num">12</td><td></td><td></td></tr><tr class="stripe"><td><a href="#t1">Validating user Login </a></td><td class="num">0</td><td class="num attn">2</td><td class="num">0</td><td class="num">1,335</td><td></td><td></td></tr><tr><td><a href="#t2">Validating Title in the page</a></td><td class="num">0</td><td class="num attn">1</td><td class="num">0</td><td class="num">1,349</td><td></td><td></td></tr><tr class="stripe"><td><a href="#t3">Validating Navigation Bar</a></td><td class="num">0</td><td class="num attn">1</td><td class="num">0</td><td class="num">1,435</td><td></td><td></td></tr><tr><th>Total</th><th class="num">0</th><th class="num attn">4</th><th class="num">0</th><th class="num">4,131</th><th colspan="2"></th></tr></table><table><thead><tr><th>Class</th><th>Method</th><th>Start</th><th>Time (ms)</th></tr></thead><tbody><tr><th colspan="4">Suite</th></tr></tbody><tbody id="t0"></tbody><tbody id="t1"><tr><th colspan="4">Validating user Login  &#8212; failed (configuration methods)</th></tr><tr class="failedeven"><td rowspan="1">Framework.HomePageTest</td><td><a href="#m0">initialize</a></td><td rowspan="1">1612952903091</td><td rowspan="1">0</td></tr><tr><th colspan="4">Validating user Login  &#8212; skipped (configuration methods)</th></tr><tr class="skippedeven"><td rowspan="1">Framework.HomePageTest</td><td><a href="#m1">tearDown</a></td><td rowspan="1">1612952904416</td><td rowspan="1">0</td></tr><tr><th colspan="4">Validating user Login  &#8212; skipped</th></tr><tr class="skippedeven"><td rowspan="2">Framework.HomePageTest</td><td><a href="#m2">basePageNavigation</a></td><td rowspan="2">1612952904411</td><td rowspan="2">3</td></tr><tr class="skippedeven"><td><a href="#m3">basePageNavigation</a></td></tr></tbody><tbody id="t2"><tr><th colspan="4">Validating Title in the page &#8212; failed (configuration methods)</th></tr><tr class="failedeven"><td rowspan="1">Framework.VerifyTitleTest</td><td><a href="#m4">initialize</a></td><td rowspan="1">1612952903091</td><td rowspan="1">0</td></tr><tr><th colspan="4">Validating Title in the page &#8212; skipped (configuration methods)</th></tr><tr class="skippedeven"><td rowspan="1">Framework.VerifyTitleTest</td><td><a href="#m5">tearDown</a></td><td rowspan="1">1612952904423</td><td rowspan="1">0</td></tr><tr><th colspan="4">Validating Title in the page &#8212; skipped</th></tr><tr class="skippedeven"><td rowspan="1">Framework.VerifyTitleTest</td><td><a href="#m6">VerifyFestureCourseText</a></td><td rowspan="1">1612952904386</td><td rowspan="1">24</td></tr></tbody><tbody id="t3"><tr><th colspan="4">Validating Navigation Bar &#8212; failed (configuration methods)</th></tr><tr class="failedeven"><td rowspan="1">Framework.VerifyNavigationBarTest</td><td><a href="#m7">initialize</a></td><td rowspan="1">1612952903091</td><td rowspan="1">0</td></tr><tr><th colspan="4">Validating Navigation Bar &#8212; skipped (configuration methods)</th></tr><tr class="skippedeven"><td rowspan="1">Framework.VerifyNavigationBarTest</td><td><a href="#m8">tearDown</a></td><td rowspan="1">1612952904515</td><td rowspan="1">0</td></tr><tr><th colspan="4">Validating Navigation Bar &#8212; skipped</th></tr><tr class="skippedeven"><td rowspan="1">Framework.VerifyNavigationBarTest</td><td><a href="#m9">baseNavigationBar</a></td><td rowspan="1">1612952904511</td><td rowspan="1">1</td></tr></tbody></table><h2>App Testing</h2><h2>Validating user Login </h2><h3 id="m0">Framework.HomePageTest#initialize</h3><table class="result"><tr><th>Exception</th></tr><tr><td><div class="stacktrace">org.openqa.selenium.WebDriverException: unknown error: Failed to create Chrome process.
Build info: version: &apos;3.141.59&apos;, revision: &apos;e82be7d358&apos;, time: &apos;2018-11-14T08:17:03&apos;
System info: host: &apos;ROHAN&apos;, ip: &apos;192.168.0.105&apos;, os.name: &apos;Windows 10&apos;, os.arch: &apos;amd64&apos;, os.version: &apos;10.0&apos;, java.version: &apos;11.0.8&apos;
Driver info: driver.version: ChromeDriver
remote stacktrace: Backtrace:
	Ordinal0 [0x011887E3+2852835]
	Ordinal0 [0x01075BB1+1727409]
	Ordinal0 [0x00F4E4B9+517305]
	Ordinal0 [0x00EDD576+54646]
	Ordinal0 [0x00EFD9F7+186871]
	Ordinal0 [0x00EFD7FD+186365]
	Ordinal0 [0x00EFB70B+177931]
	Ordinal0 [0x00EE2584+75140]
	Ordinal0 [0x00EE3650+79440]
	Ordinal0 [0x00EE35E9+79337]
	Ordinal0 [0x0108AD5C+1813852]
	GetHandleVerifier [0x012AC616+1075574]
	GetHandleVerifier [0x012AC367+1074887]
	GetHandleVerifier [0x012B7497+1120247]
	GetHandleVerifier [0x012ACC16+1077110]
	Ordinal0 [0x01083206+1782278]
	Ordinal0 [0x0108C3BB+1819579]
	Ordinal0 [0x0108C523+1819939]
	Ordinal0 [0x010A2B45+1911621]
	BaseThreadInitThunk [0x74FAFA29+25]
	RtlGetAppContainerNamedObjectPath [0x76FC75F4+228]
	RtlGetAppContainerNamedObjectPath [0x76FC75C4+180]

	at org.openqa.selenium.remote.W3CHandshakeResponse.lambda$errorHandler$0(W3CHandshakeResponse.java:62)
	at org.openqa.selenium.remote.HandshakeResponse.lambda$getResponseFunction$0(HandshakeResponse.java:30)
	at org.openqa.selenium.remote.ProtocolHandshake.lambda$createSession$0(ProtocolHandshake.java:126)
	at java.base/java.util.stream.ReferencePipeline$3$1.accept(ReferencePipeline.java:195)
	at java.base/java.util.Spliterators$ArraySpliterator.tryAdvance(Spliterators.java:958)
	at java.base/java.util.stream.ReferencePipeline.forEachWithCancel(ReferencePipeline.java:127)
	at java.base/java.util.stream.AbstractPipeline.copyIntoWithCancel(AbstractPipeline.java:502)
	at java.base/java.util.stream.AbstractPipeline.copyInto(AbstractPipeline.java:488)
	at java.base/java.util.stream.AbstractPipeline.wrapAndCopyInto(AbstractPipeline.java:474)
	at java.base/java.util.stream.FindOps$FindOp.evaluateSequential(FindOps.java:150)
	at java.base/java.util.stream.AbstractPipeline.evaluate(AbstractPipeline.java:234)
	at java.base/java.util.stream.ReferencePipeline.findFirst(ReferencePipeline.java:543)
	at org.openqa.selenium.remote.ProtocolHandshake.createSession(ProtocolHandshake.java:128)
	at org.openqa.selenium.remote.ProtocolHandshake.createSession(ProtocolHandshake.java:74)
	at org.openqa.selenium.remote.HttpCommandExecutor.execute(HttpCommandExecutor.java:136)
	at org.openqa.selenium.remote.service.DriverCommandExecutor.execute(DriverCommandExecutor.java:83)
	at org.openqa.selenium.remote.RemoteWebDriver.execute(RemoteWebDriver.java:552)
	at org.openqa.selenium.remote.RemoteWebDriver.startSession(RemoteWebDriver.java:213)
	at org.openqa.selenium.remote.RemoteWebDriver.&lt;init&gt;(RemoteWebDriver.java:131)
	at org.openqa.selenium.chrome.ChromeDriver.&lt;init&gt;(ChromeDriver.java:181)
	at org.openqa.selenium.chrome.ChromeDriver.&lt;init&gt;(ChromeDriver.java:168)
	at org.openqa.selenium.chrome.ChromeDriver.&lt;init&gt;(ChromeDriver.java:123)
	at resourses.base.initializeDriver(base.java:32)
	at Framework.HomePageTest.initialize(HomePageTest.java:26)
	at java.base/java.util.concurrent.FutureTask.run(FutureTask.java:264)
	at java.base/java.util.concurrent.ThreadPoolExecutor.runWorker(ThreadPoolExecutor.java:1128)
	at java.base/java.util.concurrent.ThreadPoolExecutor$Worker.run(ThreadPoolExecutor.java:628)
	at java.base/java.lang.Thread.run(Thread.java:834)
... Removed 18 stack frames</div></td></tr></table><p class="totop"><a href="#summary">back to summary</a></p><h3 id="m1">Framework.HomePageTest#tearDown</h3><table class="result"></table><p class="totop"><a href="#summary">back to summary</a></p><h3 id="m2">Framework.HomePageTest#basePageNavigation</h3><table class="result"><tr class="param"><th>Parameter #1</th><th>Parameter #2</th><th>Parameter #3</th></tr><tr class="param stripe"><td>restricteduser@gmail.com</td><td>6547373</td><td>restricted user</td></tr></table><p class="totop"><a href="#summary">back to summary</a></p><h3 id="m3">Framework.HomePageTest#basePageNavigation</h3><table class="result"><tr class="param"><th>Parameter #1</th><th>Parameter #2</th><th>Parameter #3</th></tr><tr class="param stripe"><td>nonrestricteduser@gmail.com</td><td>122345</td><td>non restricted user</td></tr></table><p class="totop"><a href="#summary">back to summary</a></p><h2>Validating Title in the page</h2><h3 id="m4">Framework.VerifyTitleTest#initialize</h3><table class="result"><tr><th>Exception</th></tr><tr><td><div class="stacktrace">org.openqa.selenium.WebDriverException: unknown error: Failed to create Chrome process.
Build info: version: &apos;3.141.59&apos;, revision: &apos;e82be7d358&apos;, time: &apos;2018-11-14T08:17:03&apos;
System info: host: &apos;ROHAN&apos;, ip: &apos;192.168.0.105&apos;, os.name: &apos;Windows 10&apos;, os.arch: &apos;amd64&apos;, os.version: &apos;10.0&apos;, java.version: &apos;11.0.8&apos;
Driver info: driver.version: ChromeDriver
remote stacktrace: Backtrace:
	Ordinal0 [0x011887E3+2852835]
	Ordinal0 [0x01075BB1+1727409]
	Ordinal0 [0x00F4E4B9+517305]
	Ordinal0 [0x00EDD576+54646]
	Ordinal0 [0x00EFD9F7+186871]
	Ordinal0 [0x00EFD7FD+186365]
	Ordinal0 [0x00EFB70B+177931]
	Ordinal0 [0x00EE2584+75140]
	Ordinal0 [0x00EE3650+79440]
	Ordinal0 [0x00EE35E9+79337]
	Ordinal0 [0x0108AD5C+1813852]
	GetHandleVerifier [0x012AC616+1075574]
	GetHandleVerifier [0x012AC367+1074887]
	GetHandleVerifier [0x012B7497+1120247]
	GetHandleVerifier [0x012ACC16+1077110]
	Ordinal0 [0x01083206+1782278]
	Ordinal0 [0x0108C3BB+1819579]
	Ordinal0 [0x0108C523+1819939]
	Ordinal0 [0x010A2B45+1911621]
	BaseThreadInitThunk [0x74FAFA29+25]
	RtlGetAppContainerNamedObjectPath [0x76FC75F4+228]
	RtlGetAppContainerNamedObjectPath [0x76FC75C4+180]

	at org.openqa.selenium.remote.W3CHandshakeResponse.lambda$errorHandler$0(W3CHandshakeResponse.java:62)
	at org.openqa.selenium.remote.HandshakeResponse.lambda$getResponseFunction$0(HandshakeResponse.java:30)
	at org.openqa.selenium.remote.ProtocolHandshake.lambda$createSession$0(ProtocolHandshake.java:126)
	at java.base/java.util.stream.ReferencePipeline$3$1.accept(ReferencePipeline.java:195)
	at java.base/java.util.Spliterators$ArraySpliterator.tryAdvance(Spliterators.java:958)
	at java.base/java.util.stream.ReferencePipeline.forEachWithCancel(ReferencePipeline.java:127)
	at java.base/java.util.stream.AbstractPipeline.copyIntoWithCancel(AbstractPipeline.java:502)
	at java.base/java.util.stream.AbstractPipeline.copyInto(AbstractPipeline.java:488)
	at java.base/java.util.stream.AbstractPipeline.wrapAndCopyInto(AbstractPipeline.java:474)
	at java.base/java.util.stream.FindOps$FindOp.evaluateSequential(FindOps.java:150)
	at java.base/java.util.stream.AbstractPipeline.evaluate(AbstractPipeline.java:234)
	at java.base/java.util.stream.ReferencePipeline.findFirst(ReferencePipeline.java:543)
	at org.openqa.selenium.remote.ProtocolHandshake.createSession(ProtocolHandshake.java:128)
	at org.openqa.selenium.remote.ProtocolHandshake.createSession(ProtocolHandshake.java:74)
	at org.openqa.selenium.remote.HttpCommandExecutor.execute(HttpCommandExecutor.java:136)
	at org.openqa.selenium.remote.service.DriverCommandExecutor.execute(DriverCommandExecutor.java:83)
	at org.openqa.selenium.remote.RemoteWebDriver.execute(RemoteWebDriver.java:552)
	at org.openqa.selenium.remote.RemoteWebDriver.startSession(RemoteWebDriver.java:213)
	at org.openqa.selenium.remote.RemoteWebDriver.&lt;init&gt;(RemoteWebDriver.java:131)
	at org.openqa.selenium.chrome.ChromeDriver.&lt;init&gt;(ChromeDriver.java:181)
	at org.openqa.selenium.chrome.ChromeDriver.&lt;init&gt;(ChromeDriver.java:168)
	at org.openqa.selenium.chrome.ChromeDriver.&lt;init&gt;(ChromeDriver.java:123)
	at resourses.base.initializeDriver(base.java:32)
	at Framework.VerifyTitleTest.initialize(VerifyTitleTest.java:25)
	at java.base/java.util.concurrent.FutureTask.run(FutureTask.java:264)
	at java.base/java.util.concurrent.ThreadPoolExecutor.runWorker(ThreadPoolExecutor.java:1128)
	at java.base/java.util.concurrent.ThreadPoolExecutor$Worker.run(ThreadPoolExecutor.java:628)
	at java.base/java.lang.Thread.run(Thread.java:834)
... Removed 18 stack frames</div></td></tr></table><p class="totop"><a href="#summary">back to summary</a></p><h3 id="m5">Framework.VerifyTitleTest#tearDown</h3><table class="result"></table><p class="totop"><a href="#summary">back to summary</a></p><h3 id="m6">Framework.VerifyTitleTest#VerifyFestureCourseText</h3><table class="result"></table><p class="totop"><a href="#summary">back to summary</a></p><h2>Validating Navigation Bar</h2><h3 id="m7">Framework.VerifyNavigationBarTest#initialize</h3><table class="result"><tr><th>Exception</th></tr><tr><td><div class="stacktrace">org.openqa.selenium.WebDriverException: unknown error: Failed to create Chrome process.
Build info: version: &apos;3.141.59&apos;, revision: &apos;e82be7d358&apos;, time: &apos;2018-11-14T08:17:03&apos;
System info: host: &apos;ROHAN&apos;, ip: &apos;192.168.0.105&apos;, os.name: &apos;Windows 10&apos;, os.arch: &apos;amd64&apos;, os.version: &apos;10.0&apos;, java.version: &apos;11.0.8&apos;
Driver info: driver.version: ChromeDriver
remote stacktrace: Backtrace:
	Ordinal0 [0x011887E3+2852835]
	Ordinal0 [0x01075BB1+1727409]
	Ordinal0 [0x00F4E4B9+517305]
	Ordinal0 [0x00EDD576+54646]
	Ordinal0 [0x00EFD9F7+186871]
	Ordinal0 [0x00EFD7FD+186365]
	Ordinal0 [0x00EFB70B+177931]
	Ordinal0 [0x00EE2584+75140]
	Ordinal0 [0x00EE3650+79440]
	Ordinal0 [0x00EE35E9+79337]
	Ordinal0 [0x0108AD5C+1813852]
	GetHandleVerifier [0x012AC616+1075574]
	GetHandleVerifier [0x012AC367+1074887]
	GetHandleVerifier [0x012B7497+1120247]
	GetHandleVerifier [0x012ACC16+1077110]
	Ordinal0 [0x01083206+1782278]
	Ordinal0 [0x0108C3BB+1819579]
	Ordinal0 [0x0108C523+1819939]
	Ordinal0 [0x010A2B45+1911621]
	BaseThreadInitThunk [0x74FAFA29+25]
	RtlGetAppContainerNamedObjectPath [0x76FC75F4+228]
	RtlGetAppContainerNamedObjectPath [0x76FC75C4+180]

	at org.openqa.selenium.remote.W3CHandshakeResponse.lambda$errorHandler$0(W3CHandshakeResponse.java:62)
	at org.openqa.selenium.remote.HandshakeResponse.lambda$getResponseFunction$0(HandshakeResponse.java:30)
	at org.openqa.selenium.remote.ProtocolHandshake.lambda$createSession$0(ProtocolHandshake.java:126)
	at java.base/java.util.stream.ReferencePipeline$3$1.accept(ReferencePipeline.java:195)
	at java.base/java.util.Spliterators$ArraySpliterator.tryAdvance(Spliterators.java:958)
	at java.base/java.util.stream.ReferencePipeline.forEachWithCancel(ReferencePipeline.java:127)
	at java.base/java.util.stream.AbstractPipeline.copyIntoWithCancel(AbstractPipeline.java:502)
	at java.base/java.util.stream.AbstractPipeline.copyInto(AbstractPipeline.java:488)
	at java.base/java.util.stream.AbstractPipeline.wrapAndCopyInto(AbstractPipeline.java:474)
	at java.base/java.util.stream.FindOps$FindOp.evaluateSequential(FindOps.java:150)
	at java.base/java.util.stream.AbstractPipeline.evaluate(AbstractPipeline.java:234)
	at java.base/java.util.stream.ReferencePipeline.findFirst(ReferencePipeline.java:543)
	at org.openqa.selenium.remote.ProtocolHandshake.createSession(ProtocolHandshake.java:128)
	at org.openqa.selenium.remote.ProtocolHandshake.createSession(ProtocolHandshake.java:74)
	at org.openqa.selenium.remote.HttpCommandExecutor.execute(HttpCommandExecutor.java:136)
	at org.openqa.selenium.remote.service.DriverCommandExecutor.execute(DriverCommandExecutor.java:83)
	at org.openqa.selenium.remote.RemoteWebDriver.execute(RemoteWebDriver.java:552)
	at org.openqa.selenium.remote.RemoteWebDriver.startSession(RemoteWebDriver.java:213)
	at org.openqa.selenium.remote.RemoteWebDriver.&lt;init&gt;(RemoteWebDriver.java:131)
	at org.openqa.selenium.chrome.ChromeDriver.&lt;init&gt;(ChromeDriver.java:181)
	at org.openqa.selenium.chrome.ChromeDriver.&lt;init&gt;(ChromeDriver.java:168)
	at org.openqa.selenium.chrome.ChromeDriver.&lt;init&gt;(ChromeDriver.java:123)
	at resourses.base.initializeDriver(base.java:32)
	at Framework.VerifyNavigationBarTest.initialize(VerifyNavigationBarTest.java:25)
	at java.base/java.util.concurrent.FutureTask.run(FutureTask.java:264)
	at java.base/java.util.concurrent.ThreadPoolExecutor.runWorker(ThreadPoolExecutor.java:1128)
	at java.base/java.util.concurrent.ThreadPoolExecutor$Worker.run(ThreadPoolExecutor.java:628)
	at java.base/java.lang.Thread.run(Thread.java:834)
... Removed 18 stack frames</div></td></tr></table><p class="totop"><a href="#summary">back to summary</a></p><h3 id="m8">Framework.VerifyNavigationBarTest#tearDown</h3><table class="result"></table><p class="totop"><a href="#summary">back to summary</a></p><h3 id="m9">Framework.VerifyNavigationBarTest#baseNavigationBar</h3><table class="result"></table><p class="totop"><a href="#summary">back to summary</a></p></body></html>