<?xml version="1.0" encoding="UTF-8"?>
<testng-results total="4" passed="0" failed="0" skipped="4">
  <reporter-output>
  </reporter-output>
  <suite started-at="2021-02-10T10:28:23Z" name="Suite" finished-at="2021-02-10T10:28:24Z" duration-ms="1435">
    <groups>
    </groups>
    <test started-at="2021-02-10T10:28:23Z" name="App Testing" finished-at="2021-02-10T10:28:23Z" duration-ms="12">
    </test> <!-- App Testing -->
    <test started-at="2021-02-10T10:28:23Z" name="Validating user Login " finished-at="2021-02-10T10:28:24Z" duration-ms="1335">
      <class name="Framework.HomePageTest">
        <test-method is-config="true" signature="initialize()[pri:0, instance:Framework.HomePageTest@5395ea39]" started-at="2021-02-10T15:58:23Z" name="initialize" finished-at="2021-02-10T15:58:23Z" duration-ms="0" status="FAIL">
          <exception class="org.openqa.selenium.WebDriverException">
            <message>
              <![CDATA[unknown error: Failed to create Chrome process.
Build info: version: '3.141.59', revision: 'e82be7d358', time: '2018-11-14T08:17:03'
System info: host: 'ROHAN', ip: '192.168.0.105', os.name: 'Windows 10', os.arch: 'amd64', os.version: '10.0', java.version: '11.0.8'
Driver info: driver.version: ChromeDriver
remote stacktrace: Backtrace:
	Ordinal0 [0x011887E3+2852835]
	Ordinal0 [0x01075BB1+1727409]
	Ordinal0 [0x00F4E4B9+517305]
	Ordinal0 [0x00EDD576+54646]
	Ordinal0 [0x00EFD9F7+186871]
	Ordinal0 [0x00EFD7FD+186365]
	Ordinal0 [0x00EFB70B+177931]
	Ordinal0 [0x00EE2584+75140]
	Ordinal0 [0x00EE3650+79440]
	Ordinal0 [0x00EE35E9+79337]
	Ordinal0 [0x0108AD5C+1813852]
	GetHandleVerifier [0x012AC616+1075574]
	GetHandleVerifier [0x012AC367+1074887]
	GetHandleVerifier [0x012B7497+1120247]
	GetHandleVerifier [0x012ACC16+1077110]
	Ordinal0 [0x01083206+1782278]
	Ordinal0 [0x0108C3BB+1819579]
	Ordinal0 [0x0108C523+1819939]
	Ordinal0 [0x010A2B45+1911621]
	BaseThreadInitThunk [0x74FAFA29+25]
	RtlGetAppContainerNamedObjectPath [0x76FC75F4+228]
	RtlGetAppContainerNamedObjectPath [0x76FC75C4+180]
]]>
            </message>
            <full-stacktrace>
              <![CDATA[org.openqa.selenium.WebDriverException: unknown error: Failed to create Chrome process.
Build info: version: '3.141.59', revision: 'e82be7d358', time: '2018-11-14T08:17:03'
System info: host: 'ROHAN', ip: '192.168.0.105', os.name: 'Windows 10', os.arch: 'amd64', os.version: '10.0', java.version: '11.0.8'
Driver info: driver.version: ChromeDriver
remote stacktrace: Backtrace:
	Ordinal0 [0x011887E3+2852835]
	Ordinal0 [0x01075BB1+1727409]
	Ordinal0 [0x00F4E4B9+517305]
	Ordinal0 [0x00EDD576+54646]
	Ordinal0 [0x00EFD9F7+186871]
	Ordinal0 [0x00EFD7FD+186365]
	Ordinal0 [0x00EFB70B+177931]
	Ordinal0 [0x00EE2584+75140]
	Ordinal0 [0x00EE3650+79440]
	Ordinal0 [0x00EE35E9+79337]
	Ordinal0 [0x0108AD5C+1813852]
	GetHandleVerifier [0x012AC616+1075574]
	GetHandleVerifier [0x012AC367+1074887]
	GetHandleVerifier [0x012B7497+1120247]
	GetHandleVerifier [0x012ACC16+1077110]
	Ordinal0 [0x01083206+1782278]
	Ordinal0 [0x0108C3BB+1819579]
	Ordinal0 [0x0108C523+1819939]
	Ordinal0 [0x010A2B45+1911621]
	BaseThreadInitThunk [0x74FAFA29+25]
	RtlGetAppContainerNamedObjectPath [0x76FC75F4+228]
	RtlGetAppContainerNamedObjectPath [0x76FC75C4+180]

	at java.base/jdk.internal.reflect.NativeConstructorAccessorImpl.newInstance0(Native Method)
	at java.base/jdk.internal.reflect.NativeConstructorAccessorImpl.newInstance(NativeConstructorAccessorImpl.java:62)
	at java.base/jdk.internal.reflect.DelegatingConstructorAccessorImpl.newInstance(DelegatingConstructorAccessorImpl.java:45)
	at java.base/java.lang.reflect.Constructor.newInstance(Constructor.java:490)
	at org.openqa.selenium.remote.W3CHandshakeResponse.lambda$errorHandler$0(W3CHandshakeResponse.java:62)
	at org.openqa.selenium.remote.HandshakeResponse.lambda$getResponseFunction$0(HandshakeResponse.java:30)
	at org.openqa.selenium.remote.ProtocolHandshake.lambda$createSession$0(ProtocolHandshake.java:126)
	at java.base/java.util.stream.ReferencePipeline$3$1.accept(ReferencePipeline.java:195)
	at java.base/java.util.Spliterators$ArraySpliterator.tryAdvance(Spliterators.java:958)
	at java.base/java.util.stream.ReferencePipeline.forEachWithCancel(ReferencePipeline.java:127)
	at java.base/java.util.stream.AbstractPipeline.copyIntoWithCancel(AbstractPipeline.java:502)
	at java.base/java.util.stream.AbstractPipeline.copyInto(AbstractPipeline.java:488)
	at java.base/java.util.stream.AbstractPipeline.wrapAndCopyInto(AbstractPipeline.java:474)
	at java.base/java.util.stream.FindOps$FindOp.evaluateSequential(FindOps.java:150)
	at java.base/java.util.stream.AbstractPipeline.evaluate(AbstractPipeline.java:234)
	at java.base/java.util.stream.ReferencePipeline.findFirst(ReferencePipeline.java:543)
	at org.openqa.selenium.remote.ProtocolHandshake.createSession(ProtocolHandshake.java:128)
	at org.openqa.selenium.remote.ProtocolHandshake.createSession(ProtocolHandshake.java:74)
	at org.openqa.selenium.remote.HttpCommandExecutor.execute(HttpCommandExecutor.java:136)
	at org.openqa.selenium.remote.service.DriverCommandExecutor.execute(DriverCommandExecutor.java:83)
	at org.openqa.selenium.remote.RemoteWebDriver.execute(RemoteWebDriver.java:552)
	at org.openqa.selenium.remote.RemoteWebDriver.startSession(RemoteWebDriver.java:213)
	at org.openqa.selenium.remote.RemoteWebDriver.<init>(RemoteWebDriver.java:131)
	at org.openqa.selenium.chrome.ChromeDriver.<init>(ChromeDriver.java:181)
	at org.openqa.selenium.chrome.ChromeDriver.<init>(ChromeDriver.java:168)
	at org.openqa.selenium.chrome.ChromeDriver.<init>(ChromeDriver.java:123)
	at resourses.base.initializeDriver(base.java:32)
	at Framework.HomePageTest.initialize(HomePageTest.java:26)
	at java.base/jdk.internal.reflect.NativeMethodAccessorImpl.invoke0(Native Method)
	at java.base/jdk.internal.reflect.NativeMethodAccessorImpl.invoke(NativeMethodAccessorImpl.java:62)
	at java.base/jdk.internal.reflect.DelegatingMethodAccessorImpl.invoke(DelegatingMethodAccessorImpl.java:43)
	at java.base/java.lang.reflect.Method.invoke(Method.java:566)
	at org.testng.internal.MethodInvocationHelper.invokeMethod(MethodInvocationHelper.java:85)
	at org.testng.internal.Invoker.invokeConfigurationMethod(Invoker.java:510)
	at org.testng.internal.Invoker.invokeConfigurations(Invoker.java:211)
	at org.testng.internal.Invoker.invokeConfigurations(Invoker.java:138)
	at org.testng.TestRunner.beforeRun(TestRunner.java:648)
	at org.testng.TestRunner.run(TestRunner.java:616)
	at org.testng.SuiteRunner.runTest(SuiteRunner.java:359)
	at org.testng.SuiteRunner.access$000(SuiteRunner.java:39)
	at org.testng.SuiteRunner$SuiteWorker.run(SuiteRunner.java:393)
	at org.testng.internal.thread.ThreadUtil$2.call(ThreadUtil.java:64)
	at java.base/java.util.concurrent.FutureTask.run(FutureTask.java:264)
	at java.base/java.util.concurrent.ThreadPoolExecutor.runWorker(ThreadPoolExecutor.java:1128)
	at java.base/java.util.concurrent.ThreadPoolExecutor$Worker.run(ThreadPoolExecutor.java:628)
	at java.base/java.lang.Thread.run(Thread.java:834)
]]>
            </full-stacktrace>
          </exception> <!-- org.openqa.selenium.WebDriverException -->
          <reporter-output>
          </reporter-output>
        </test-method> <!-- initialize -->
        <test-method signature="basePageNavigation(java.lang.String, java.lang.String, java.lang.String)[pri:0, instance:Framework.HomePageTest@5395ea39]" started-at="2021-02-10T15:58:24Z" name="basePageNavigation" data-provider="getData" finished-at="2021-02-10T15:58:24Z" duration-ms="2" status="SKIP">
          <params>
            <param index="0">
              <value>
                <![CDATA[nonrestricteduser@gmail.com]]>
              </value>
            </param>
            <param index="1">
              <value>
                <![CDATA[122345]]>
              </value>
            </param>
            <param index="2">
              <value>
                <![CDATA[non restricted user]]>
              </value>
            </param>
          </params>
          <reporter-output>
          </reporter-output>
        </test-method> <!-- basePageNavigation -->
        <test-method signature="basePageNavigation(java.lang.String, java.lang.String, java.lang.String)[pri:0, instance:Framework.HomePageTest@5395ea39]" started-at="2021-02-10T15:58:24Z" name="basePageNavigation" data-provider="getData" finished-at="2021-02-10T15:58:24Z" duration-ms="3" status="SKIP">
          <params>
            <param index="0">
              <value>
                <![CDATA[restricteduser@gmail.com]]>
              </value>
            </param>
            <param index="1">
              <value>
                <![CDATA[6547373]]>
              </value>
            </param>
            <param index="2">
              <value>
                <![CDATA[restricted user]]>
              </value>
            </param>
          </params>
          <reporter-output>
          </reporter-output>
        </test-method> <!-- basePageNavigation -->
        <test-method is-config="true" signature="tearDown()[pri:0, instance:Framework.HomePageTest@5395ea39]" started-at="2021-02-10T15:58:24Z" name="tearDown" finished-at="2021-02-10T15:58:24Z" duration-ms="0" status="SKIP">
          <reporter-output>
          </reporter-output>
        </test-method> <!-- tearDown -->
      </class> <!-- Framework.HomePageTest -->
    </test> <!-- Validating user Login  -->
    <test started-at="2021-02-10T10:28:23Z" name="Validating Title in the page" finished-at="2021-02-10T10:28:24Z" duration-ms="1349">
      <class name="Framework.VerifyTitleTest">
        <test-method is-config="true" signature="initialize()[pri:0, instance:Framework.VerifyTitleTest@5c089b2f]" started-at="2021-02-10T15:58:23Z" name="initialize" finished-at="2021-02-10T15:58:23Z" duration-ms="0" status="FAIL">
          <exception class="org.openqa.selenium.WebDriverException">
            <message>
              <![CDATA[unknown error: Failed to create Chrome process.
Build info: version: '3.141.59', revision: 'e82be7d358', time: '2018-11-14T08:17:03'
System info: host: 'ROHAN', ip: '192.168.0.105', os.name: 'Windows 10', os.arch: 'amd64', os.version: '10.0', java.version: '11.0.8'
Driver info: driver.version: ChromeDriver
remote stacktrace: Backtrace:
	Ordinal0 [0x011887E3+2852835]
	Ordinal0 [0x01075BB1+1727409]
	Ordinal0 [0x00F4E4B9+517305]
	Ordinal0 [0x00EDD576+54646]
	Ordinal0 [0x00EFD9F7+186871]
	Ordinal0 [0x00EFD7FD+186365]
	Ordinal0 [0x00EFB70B+177931]
	Ordinal0 [0x00EE2584+75140]
	Ordinal0 [0x00EE3650+79440]
	Ordinal0 [0x00EE35E9+79337]
	Ordinal0 [0x0108AD5C+1813852]
	GetHandleVerifier [0x012AC616+1075574]
	GetHandleVerifier [0x012AC367+1074887]
	GetHandleVerifier [0x012B7497+1120247]
	GetHandleVerifier [0x012ACC16+1077110]
	Ordinal0 [0x01083206+1782278]
	Ordinal0 [0x0108C3BB+1819579]
	Ordinal0 [0x0108C523+1819939]
	Ordinal0 [0x010A2B45+1911621]
	BaseThreadInitThunk [0x74FAFA29+25]
	RtlGetAppContainerNamedObjectPath [0x76FC75F4+228]
	RtlGetAppContainerNamedObjectPath [0x76FC75C4+180]
]]>
            </message>
            <full-stacktrace>
              <![CDATA[org.openqa.selenium.WebDriverException: unknown error: Failed to create Chrome process.
Build info: version: '3.141.59', revision: 'e82be7d358', time: '2018-11-14T08:17:03'
System info: host: 'ROHAN', ip: '192.168.0.105', os.name: 'Windows 10', os.arch: 'amd64', os.version: '10.0', java.version: '11.0.8'
Driver info: driver.version: ChromeDriver
remote stacktrace: Backtrace:
	Ordinal0 [0x011887E3+2852835]
	Ordinal0 [0x01075BB1+1727409]
	Ordinal0 [0x00F4E4B9+517305]
	Ordinal0 [0x00EDD576+54646]
	Ordinal0 [0x00EFD9F7+186871]
	Ordinal0 [0x00EFD7FD+186365]
	Ordinal0 [0x00EFB70B+177931]
	Ordinal0 [0x00EE2584+75140]
	Ordinal0 [0x00EE3650+79440]
	Ordinal0 [0x00EE35E9+79337]
	Ordinal0 [0x0108AD5C+1813852]
	GetHandleVerifier [0x012AC616+1075574]
	GetHandleVerifier [0x012AC367+1074887]
	GetHandleVerifier [0x012B7497+1120247]
	GetHandleVerifier [0x012ACC16+1077110]
	Ordinal0 [0x01083206+1782278]
	Ordinal0 [0x0108C3BB+1819579]
	Ordinal0 [0x0108C523+1819939]
	Ordinal0 [0x010A2B45+1911621]
	BaseThreadInitThunk [0x74FAFA29+25]
	RtlGetAppContainerNamedObjectPath [0x76FC75F4+228]
	RtlGetAppContainerNamedObjectPath [0x76FC75C4+180]

	at java.base/jdk.internal.reflect.NativeConstructorAccessorImpl.newInstance0(Native Method)
	at java.base/jdk.internal.reflect.NativeConstructorAccessorImpl.newInstance(NativeConstructorAccessorImpl.java:62)
	at java.base/jdk.internal.reflect.DelegatingConstructorAccessorImpl.newInstance(DelegatingConstructorAccessorImpl.java:45)
	at java.base/java.lang.reflect.Constructor.newInstance(Constructor.java:490)
	at org.openqa.selenium.remote.W3CHandshakeResponse.lambda$errorHandler$0(W3CHandshakeResponse.java:62)
	at org.openqa.selenium.remote.HandshakeResponse.lambda$getResponseFunction$0(HandshakeResponse.java:30)
	at org.openqa.selenium.remote.ProtocolHandshake.lambda$createSession$0(ProtocolHandshake.java:126)
	at java.base/java.util.stream.ReferencePipeline$3$1.accept(ReferencePipeline.java:195)
	at java.base/java.util.Spliterators$ArraySpliterator.tryAdvance(Spliterators.java:958)
	at java.base/java.util.stream.ReferencePipeline.forEachWithCancel(ReferencePipeline.java:127)
	at java.base/java.util.stream.AbstractPipeline.copyIntoWithCancel(AbstractPipeline.java:502)
	at java.base/java.util.stream.AbstractPipeline.copyInto(AbstractPipeline.java:488)
	at java.base/java.util.stream.AbstractPipeline.wrapAndCopyInto(AbstractPipeline.java:474)
	at java.base/java.util.stream.FindOps$FindOp.evaluateSequential(FindOps.java:150)
	at java.base/java.util.stream.AbstractPipeline.evaluate(AbstractPipeline.java:234)
	at java.base/java.util.stream.ReferencePipeline.findFirst(ReferencePipeline.java:543)
	at org.openqa.selenium.remote.ProtocolHandshake.createSession(ProtocolHandshake.java:128)
	at org.openqa.selenium.remote.ProtocolHandshake.createSession(ProtocolHandshake.java:74)
	at org.openqa.selenium.remote.HttpCommandExecutor.execute(HttpCommandExecutor.java:136)
	at org.openqa.selenium.remote.service.DriverCommandExecutor.execute(DriverCommandExecutor.java:83)
	at org.openqa.selenium.remote.RemoteWebDriver.execute(RemoteWebDriver.java:552)
	at org.openqa.selenium.remote.RemoteWebDriver.startSession(RemoteWebDriver.java:213)
	at org.openqa.selenium.remote.RemoteWebDriver.<init>(RemoteWebDriver.java:131)
	at org.openqa.selenium.chrome.ChromeDriver.<init>(ChromeDriver.java:181)
	at org.openqa.selenium.chrome.ChromeDriver.<init>(ChromeDriver.java:168)
	at org.openqa.selenium.chrome.ChromeDriver.<init>(ChromeDriver.java:123)
	at resourses.base.initializeDriver(base.java:32)
	at Framework.VerifyTitleTest.initialize(VerifyTitleTest.java:25)
	at java.base/jdk.internal.reflect.NativeMethodAccessorImpl.invoke0(Native Method)
	at java.base/jdk.internal.reflect.NativeMethodAccessorImpl.invoke(NativeMethodAccessorImpl.java:62)
	at java.base/jdk.internal.reflect.DelegatingMethodAccessorImpl.invoke(DelegatingMethodAccessorImpl.java:43)
	at java.base/java.lang.reflect.Method.invoke(Method.java:566)
	at org.testng.internal.MethodInvocationHelper.invokeMethod(MethodInvocationHelper.java:85)
	at org.testng.internal.Invoker.invokeConfigurationMethod(Invoker.java:510)
	at org.testng.internal.Invoker.invokeConfigurations(Invoker.java:211)
	at org.testng.internal.Invoker.invokeConfigurations(Invoker.java:138)
	at org.testng.TestRunner.beforeRun(TestRunner.java:648)
	at org.testng.TestRunner.run(TestRunner.java:616)
	at org.testng.SuiteRunner.runTest(SuiteRunner.java:359)
	at org.testng.SuiteRunner.access$000(SuiteRunner.java:39)
	at org.testng.SuiteRunner$SuiteWorker.run(SuiteRunner.java:393)
	at org.testng.internal.thread.ThreadUtil$2.call(ThreadUtil.java:64)
	at java.base/java.util.concurrent.FutureTask.run(FutureTask.java:264)
	at java.base/java.util.concurrent.ThreadPoolExecutor.runWorker(ThreadPoolExecutor.java:1128)
	at java.base/java.util.concurrent.ThreadPoolExecutor$Worker.run(ThreadPoolExecutor.java:628)
	at java.base/java.lang.Thread.run(Thread.java:834)
]]>
            </full-stacktrace>
          </exception> <!-- org.openqa.selenium.WebDriverException -->
          <reporter-output>
          </reporter-output>
        </test-method> <!-- initialize -->
        <test-method signature="VerifyFestureCourseText()[pri:0, instance:Framework.VerifyTitleTest@5c089b2f]" started-at="2021-02-10T15:58:24Z" name="VerifyFestureCourseText" finished-at="2021-02-10T15:58:24Z" duration-ms="24" status="SKIP">
          <reporter-output>
          </reporter-output>
        </test-method> <!-- VerifyFestureCourseText -->
        <test-method is-config="true" signature="tearDown()[pri:0, instance:Framework.VerifyTitleTest@5c089b2f]" started-at="2021-02-10T15:58:24Z" name="tearDown" finished-at="2021-02-10T15:58:24Z" duration-ms="0" status="SKIP">
          <reporter-output>
          </reporter-output>
        </test-method> <!-- tearDown -->
      </class> <!-- Framework.VerifyTitleTest -->
    </test> <!-- Validating Title in the page -->
    <test started-at="2021-02-10T10:28:23Z" name="Validating Navigation Bar" finished-at="2021-02-10T10:28:24Z" duration-ms="1435">
      <class name="Framework.VerifyNavigationBarTest">
        <test-method is-config="true" signature="initialize()[pri:0, instance:Framework.VerifyNavigationBarTest@69ce2f62]" started-at="2021-02-10T15:58:23Z" name="initialize" finished-at="2021-02-10T15:58:23Z" duration-ms="0" status="FAIL">
          <exception class="org.openqa.selenium.WebDriverException">
            <message>
              <![CDATA[unknown error: Failed to create Chrome process.
Build info: version: '3.141.59', revision: 'e82be7d358', time: '2018-11-14T08:17:03'
System info: host: 'ROHAN', ip: '192.168.0.105', os.name: 'Windows 10', os.arch: 'amd64', os.version: '10.0', java.version: '11.0.8'
Driver info: driver.version: ChromeDriver
remote stacktrace: Backtrace:
	Ordinal0 [0x011887E3+2852835]
	Ordinal0 [0x01075BB1+1727409]
	Ordinal0 [0x00F4E4B9+517305]
	Ordinal0 [0x00EDD576+54646]
	Ordinal0 [0x00EFD9F7+186871]
	Ordinal0 [0x00EFD7FD+186365]
	Ordinal0 [0x00EFB70B+177931]
	Ordinal0 [0x00EE2584+75140]
	Ordinal0 [0x00EE3650+79440]
	Ordinal0 [0x00EE35E9+79337]
	Ordinal0 [0x0108AD5C+1813852]
	GetHandleVerifier [0x012AC616+1075574]
	GetHandleVerifier [0x012AC367+1074887]
	GetHandleVerifier [0x012B7497+1120247]
	GetHandleVerifier [0x012ACC16+1077110]
	Ordinal0 [0x01083206+1782278]
	Ordinal0 [0x0108C3BB+1819579]
	Ordinal0 [0x0108C523+1819939]
	Ordinal0 [0x010A2B45+1911621]
	BaseThreadInitThunk [0x74FAFA29+25]
	RtlGetAppContainerNamedObjectPath [0x76FC75F4+228]
	RtlGetAppContainerNamedObjectPath [0x76FC75C4+180]
]]>
            </message>
            <full-stacktrace>
              <![CDATA[org.openqa.selenium.WebDriverException: unknown error: Failed to create Chrome process.
Build info: version: '3.141.59', revision: 'e82be7d358', time: '2018-11-14T08:17:03'
System info: host: 'ROHAN', ip: '192.168.0.105', os.name: 'Windows 10', os.arch: 'amd64', os.version: '10.0', java.version: '11.0.8'
Driver info: driver.version: ChromeDriver
remote stacktrace: Backtrace:
	Ordinal0 [0x011887E3+2852835]
	Ordinal0 [0x01075BB1+1727409]
	Ordinal0 [0x00F4E4B9+517305]
	Ordinal0 [0x00EDD576+54646]
	Ordinal0 [0x00EFD9F7+186871]
	Ordinal0 [0x00EFD7FD+186365]
	Ordinal0 [0x00EFB70B+177931]
	Ordinal0 [0x00EE2584+75140]
	Ordinal0 [0x00EE3650+79440]
	Ordinal0 [0x00EE35E9+79337]
	Ordinal0 [0x0108AD5C+1813852]
	GetHandleVerifier [0x012AC616+1075574]
	GetHandleVerifier [0x012AC367+1074887]
	GetHandleVerifier [0x012B7497+1120247]
	GetHandleVerifier [0x012ACC16+1077110]
	Ordinal0 [0x01083206+1782278]
	Ordinal0 [0x0108C3BB+1819579]
	Ordinal0 [0x0108C523+1819939]
	Ordinal0 [0x010A2B45+1911621]
	BaseThreadInitThunk [0x74FAFA29+25]
	RtlGetAppContainerNamedObjectPath [0x76FC75F4+228]
	RtlGetAppContainerNamedObjectPath [0x76FC75C4+180]

	at java.base/jdk.internal.reflect.NativeConstructorAccessorImpl.newInstance0(Native Method)
	at java.base/jdk.internal.reflect.NativeConstructorAccessorImpl.newInstance(NativeConstructorAccessorImpl.java:62)
	at java.base/jdk.internal.reflect.DelegatingConstructorAccessorImpl.newInstance(DelegatingConstructorAccessorImpl.java:45)
	at java.base/java.lang.reflect.Constructor.newInstance(Constructor.java:490)
	at org.openqa.selenium.remote.W3CHandshakeResponse.lambda$errorHandler$0(W3CHandshakeResponse.java:62)
	at org.openqa.selenium.remote.HandshakeResponse.lambda$getResponseFunction$0(HandshakeResponse.java:30)
	at org.openqa.selenium.remote.ProtocolHandshake.lambda$createSession$0(ProtocolHandshake.java:126)
	at java.base/java.util.stream.ReferencePipeline$3$1.accept(ReferencePipeline.java:195)
	at java.base/java.util.Spliterators$ArraySpliterator.tryAdvance(Spliterators.java:958)
	at java.base/java.util.stream.ReferencePipeline.forEachWithCancel(ReferencePipeline.java:127)
	at java.base/java.util.stream.AbstractPipeline.copyIntoWithCancel(AbstractPipeline.java:502)
	at java.base/java.util.stream.AbstractPipeline.copyInto(AbstractPipeline.java:488)
	at java.base/java.util.stream.AbstractPipeline.wrapAndCopyInto(AbstractPipeline.java:474)
	at java.base/java.util.stream.FindOps$FindOp.evaluateSequential(FindOps.java:150)
	at java.base/java.util.stream.AbstractPipeline.evaluate(AbstractPipeline.java:234)
	at java.base/java.util.stream.ReferencePipeline.findFirst(ReferencePipeline.java:543)
	at org.openqa.selenium.remote.ProtocolHandshake.createSession(ProtocolHandshake.java:128)
	at org.openqa.selenium.remote.ProtocolHandshake.createSession(ProtocolHandshake.java:74)
	at org.openqa.selenium.remote.HttpCommandExecutor.execute(HttpCommandExecutor.java:136)
	at org.openqa.selenium.remote.service.DriverCommandExecutor.execute(DriverCommandExecutor.java:83)
	at org.openqa.selenium.remote.RemoteWebDriver.execute(RemoteWebDriver.java:552)
	at org.openqa.selenium.remote.RemoteWebDriver.startSession(RemoteWebDriver.java:213)
	at org.openqa.selenium.remote.RemoteWebDriver.<init>(RemoteWebDriver.java:131)
	at org.openqa.selenium.chrome.ChromeDriver.<init>(ChromeDriver.java:181)
	at org.openqa.selenium.chrome.ChromeDriver.<init>(ChromeDriver.java:168)
	at org.openqa.selenium.chrome.ChromeDriver.<init>(ChromeDriver.java:123)
	at resourses.base.initializeDriver(base.java:32)
	at Framework.VerifyNavigationBarTest.initialize(VerifyNavigationBarTest.java:25)
	at java.base/jdk.internal.reflect.NativeMethodAccessorImpl.invoke0(Native Method)
	at java.base/jdk.internal.reflect.NativeMethodAccessorImpl.invoke(NativeMethodAccessorImpl.java:62)
	at java.base/jdk.internal.reflect.DelegatingMethodAccessorImpl.invoke(DelegatingMethodAccessorImpl.java:43)
	at java.base/java.lang.reflect.Method.invoke(Method.java:566)
	at org.testng.internal.MethodInvocationHelper.invokeMethod(MethodInvocationHelper.java:85)
	at org.testng.internal.Invoker.invokeConfigurationMethod(Invoker.java:510)
	at org.testng.internal.Invoker.invokeConfigurations(Invoker.java:211)
	at org.testng.internal.Invoker.invokeConfigurations(Invoker.java:138)
	at org.testng.TestRunner.beforeRun(TestRunner.java:648)
	at org.testng.TestRunner.run(TestRunner.java:616)
	at org.testng.SuiteRunner.runTest(SuiteRunner.java:359)
	at org.testng.SuiteRunner.access$000(SuiteRunner.java:39)
	at org.testng.SuiteRunner$SuiteWorker.run(SuiteRunner.java:393)
	at org.testng.internal.thread.ThreadUtil$2.call(ThreadUtil.java:64)
	at java.base/java.util.concurrent.FutureTask.run(FutureTask.java:264)
	at java.base/java.util.concurrent.ThreadPoolExecutor.runWorker(ThreadPoolExecutor.java:1128)
	at java.base/java.util.concurrent.ThreadPoolExecutor$Worker.run(ThreadPoolExecutor.java:628)
	at java.base/java.lang.Thread.run(Thread.java:834)
]]>
            </full-stacktrace>
          </exception> <!-- org.openqa.selenium.WebDriverException -->
          <reporter-output>
          </reporter-output>
        </test-method> <!-- initialize -->
        <test-method signature="baseNavigationBar()[pri:0, instance:Framework.VerifyNavigationBarTest@69ce2f62]" started-at="2021-02-10T15:58:24Z" name="baseNavigationBar" finished-at="2021-02-10T15:58:24Z" duration-ms="1" status="SKIP">
          <reporter-output>
          </reporter-output>
        </test-method> <!-- baseNavigationBar -->
        <test-method is-config="true" signature="tearDown()[pri:0, instance:Framework.VerifyNavigationBarTest@69ce2f62]" started-at="2021-02-10T15:58:24Z" name="tearDown" finished-at="2021-02-10T15:58:24Z" duration-ms="0" status="SKIP">
          <reporter-output>
          </reporter-output>
        </test-method> <!-- tearDown -->
      </class> <!-- Framework.VerifyNavigationBarTest -->
    </test> <!-- Validating Navigation Bar -->
  </suite> <!-- Suite -->
</testng-results>
